<?xml version="1.0" encoding="UTF-8"?>
<!-- Generated by org.testng.reporters.JUnitReportReporter -->
<testsuite hostname="MSI" failures="0" tests="2" name="appiumframework.fameworkdev.SetDate" time="78.392" errors="0" timestamp="2022-01-07T17:59:46 IST" skipped="0">
  <testcase classname="appiumframework.fameworkdev.SetDate" name="timeSetting" time="39.206"/>
  <system-out/>
  <testcase classname="appiumframework.fameworkdev.SetDate" name="timeSetting" time="39.186"/>
  <system-out/>
</testsuite> <!-- appiumframework.fameworkdev.SetDate -->
