<?xml version="1.0" encoding="UTF-8"?>
<!-- Generated by org.testng.reporters.JUnitReportReporter -->
<testsuite hostname="MSI" failures="0" tests="1" name="appiumframework.fameworkdev.SumOfProducts" time="66.177" errors="0" timestamp="2022-01-07T17:59:46 IST" skipped="0">
  <testcase classname="appiumframework.fameworkdev.SumOfProducts" name="totalValidation" time="66.177"/>
  <system-out/>
</testsuite> <!-- appiumframework.fameworkdev.SumOfProducts -->
