<?xml version="1.0" encoding="UTF-8"?>
<!-- Generated by org.testng.reporters.JUnitReportReporter -->
<testsuite skipped="0" hostname="MSI" name="appiumframework.fameworkdev.SetDate" tests="2" failures="0" timestamp="2022-01-07T18:22:22 IST" time="77.840" errors="0">
  <testcase name="timeSetting" time="38.864" classname="appiumframework.fameworkdev.SetDate"/>
  <system-out/>
  <testcase name="timeSetting" time="38.976" classname="appiumframework.fameworkdev.SetDate"/>
  <system-out/>
</testsuite> <!-- appiumframework.fameworkdev.SetDate -->
