<?xml version="1.0" encoding="UTF-8"?>
<!-- Generated by org.testng.reporters.JUnitReportReporter -->
<testsuite skipped="0" hostname="MSI" name="appiumframework.fameworkdev.SumOfProducts" tests="1" failures="0" timestamp="2022-01-07T18:22:22 IST" time="42.716" errors="0">
  <testcase name="totalValidation" time="42.716" classname="appiumframework.fameworkdev.SumOfProducts"/>
  <system-out/>
</testsuite> <!-- appiumframework.fameworkdev.SumOfProducts -->
